<?xml version="1.0" encoding="UTF-8"?>
<!-- Generated by org.testng.reporters.JUnitReportReporter -->
<testsuite hostname="DESKTOP-Q5TRK1C" failures="0" tests="1" name="com.MyTests.D02DemoTestNGClass" time="0.051" errors="0" timestamp="2024-07-23T16:40:04 IST" skipped="0">
  <testcase classname="com.MyTests.D02DemoTestNGClass" name="f" time="0.051"/>
</testsuite> <!-- com.MyTests.D02DemoTestNGClass -->
